Determining if the pthread_create exist failed with the following output:
Change Dir: /home/chris/workspace/cv_temp/samples/common/detection_class/cmake-build-debug/CMakeFiles/CMakeTmp

Run Build Command:"/usr/bin/make" "cmTC_e143f/fast"
/usr/bin/make -f CMakeFiles/cmTC_e143f.dir/build.make CMakeFiles/cmTC_e143f.dir/build
make[1]: Entering directory '/home/chris/workspace/cv_temp/samples/common/detection_class/cmake-build-debug/CMakeFiles/CMakeTmp'
Building C object CMakeFiles/cmTC_e143f.dir/CheckSymbolExists.c.o
/usr/bin/cc   -fPIC    -o CMakeFiles/cmTC_e143f.dir/CheckSymbolExists.c.o   -c /home/chris/workspace/cv_temp/samples/common/detection_class/cmake-build-debug/CMakeFiles/CMakeTmp/CheckSymbolExists.c
Linking C executable cmTC_e143f
/home/chris/.local/share/JetBrains/Toolbox/apps/CLion/ch-0/181.5281.33/bin/cmake/bin/cmake -E cmake_link_script CMakeFiles/cmTC_e143f.dir/link.txt --verbose=1
/usr/bin/cc -fPIC     -rdynamic CMakeFiles/cmTC_e143f.dir/CheckSymbolExists.c.o  -o cmTC_e143f 
CMakeFiles/cmTC_e143f.dir/CheckSymbolExists.c.o: In function `main':
CheckSymbolExists.c:(.text+0x1b): undefined reference to `pthread_create'
collect2: error: ld returned 1 exit status
CMakeFiles/cmTC_e143f.dir/build.make:97: recipe for target 'cmTC_e143f' failed
make[1]: *** [cmTC_e143f] Error 1
make[1]: Leaving directory '/home/chris/workspace/cv_temp/samples/common/detection_class/cmake-build-debug/CMakeFiles/CMakeTmp'
Makefile:126: recipe for target 'cmTC_e143f/fast' failed
make: *** [cmTC_e143f/fast] Error 2

File /home/chris/workspace/cv_temp/samples/common/detection_class/cmake-build-debug/CMakeFiles/CMakeTmp/CheckSymbolExists.c:
/* */
#include <pthread.h>

int main(int argc, char** argv)
{
  (void)argv;
#ifndef pthread_create
  return ((int*)(&pthread_create))[argc];
#else
  (void)argc;
  return 0;
#endif
}

Determining if the function pthread_create exists in the pthreads failed with the following output:
Change Dir: /home/chris/workspace/cv_temp/samples/common/detection_class/cmake-build-debug/CMakeFiles/CMakeTmp

Run Build Command:"/usr/bin/make" "cmTC_b0c6f/fast"
/usr/bin/make -f CMakeFiles/cmTC_b0c6f.dir/build.make CMakeFiles/cmTC_b0c6f.dir/build
make[1]: Entering directory '/home/chris/workspace/cv_temp/samples/common/detection_class/cmake-build-debug/CMakeFiles/CMakeTmp'
Building C object CMakeFiles/cmTC_b0c6f.dir/CheckFunctionExists.c.o
/usr/bin/cc   -fPIC -DCHECK_FUNCTION_EXISTS=pthread_create   -o CMakeFiles/cmTC_b0c6f.dir/CheckFunctionExists.c.o   -c /home/chris/.local/share/JetBrains/Toolbox/apps/CLion/ch-0/181.5281.33/bin/cmake/share/cmake-3.10/Modules/CheckFunctionExists.c
Linking C executable cmTC_b0c6f
/home/chris/.local/share/JetBrains/Toolbox/apps/CLion/ch-0/181.5281.33/bin/cmake/bin/cmake -E cmake_link_script CMakeFiles/cmTC_b0c6f.dir/link.txt --verbose=1
/usr/bin/cc -fPIC -DCHECK_FUNCTION_EXISTS=pthread_create    -rdynamic CMakeFiles/cmTC_b0c6f.dir/CheckFunctionExists.c.o  -o cmTC_b0c6f -lpthreads 
/usr/bin/ld: cannot find -lpthreads
collect2: error: ld returned 1 exit status
CMakeFiles/cmTC_b0c6f.dir/build.make:97: recipe for target 'cmTC_b0c6f' failed
make[1]: *** [cmTC_b0c6f] Error 1
make[1]: Leaving directory '/home/chris/workspace/cv_temp/samples/common/detection_class/cmake-build-debug/CMakeFiles/CMakeTmp'
Makefile:126: recipe for target 'cmTC_b0c6f/fast' failed
make: *** [cmTC_b0c6f/fast] Error 2


